11:15:35 00001 INFO: Starting...
11:15:35 00111 INFO: Creating 50 patients.
11:15:35 00112 INFO: Reading file: FakeNameGeneratorShr.csv.
11:15:35 00113 INFO: Found name generator file: FakeNameGeneratorShr.csv
11:15:35 00112 INFO: Reading file: PopulationStatistics.csv.
11:15:35 00113 INFO: Found domain statistics file: PopulationStatistics.csv
11:15:35 00112 INFO: Reading file: ShrewsburyStats.csv.
11:15:35 00113 INFO: Found area statistics file: ShrewsburyStats.csv
11:15:35 00114 INFO: Dealing with area type: Ward
11:15:39 00101 INFO: Adding pathway file 'Path1.bpmn' to validation list
11:15:39 00115 INFO: Files validated for information items. Checking files dependencies...
11:15:39 00107 INFO: Validating pathways.
11:15:39 00108 INFO: Importing pathway file /usr/src/app/resources/../resources/files/pathway/BPMN/Path1.bpmn
11:15:39 00109 INFO: Pathways validated.
11:15:39 00110 INFO: Importing pathways successful.
11:15:39 NOTE  person being put onto pathway :13 : Path1
11:16:49 NOTE  person being put onto pathway :19 : Path1
11:16:53 NOTE  person being put onto pathway :12 : Path1
11:16:58 NOTE  person being put onto pathway :23 : Path1
11:17:02 NOTE  person being put onto pathway :1 : Path1
11:17:07 NOTE  person being put onto pathway :34 : Path1
11:17:11 NOTE  person being put onto pathway :20 : Path1
11:17:14 NOTE  person being put onto pathway :18 : Path1
11:17:18 NOTE  person being put onto pathway :42 : Path1
11:17:18 NOTE  person being put onto pathway :7 : Path1
11:17:22 NOTE  person being put onto pathway :28 : Path1
11:17:26 NOTE  person being put onto pathway :26 : Path1
11:17:29 NOTE  person being put onto pathway :6 : Path1
11:17:33 NOTE  person being put onto pathway :35 : Path1
11:17:36 NOTE  person being put onto pathway :32 : Path1
11:17:40 NOTE  person being put onto pathway :46 : Path1
11:17:40 NOTE  person being put onto pathway :0 : Path1
11:17:44 NOTE  person being put onto pathway :30 : Path1
11:17:48 NOTE  person being put onto pathway :15 : Path1
11:17:52 NOTE  person being put onto pathway :47 : Path1
11:17:52 NOTE  person being put onto pathway :29 : Path1
11:17:55 NOTE  person being put onto pathway :9 : Path1
11:17:59 NOTE  person being put onto pathway :38 : Path1
11:17:59 NOTE  person being put onto pathway :27 : Path1
11:18:03 NOTE  person being put onto pathway :31 : Path1
11:18:06 NOTE  person being put onto pathway :49 : Path1
11:18:06 NOTE  person being put onto pathway :21 : Path1
11:18:10 NOTE  person being put onto pathway :17 : Path1
11:18:15 NOTE  person being put onto pathway :3 : Path1
11:18:19 NOTE  person being put onto pathway :41 : Path1
11:18:19 NOTE  person being put onto pathway :43 : Path1
11:18:19 NOTE  person being put onto pathway :44 : Path1
11:18:19 NOTE  person being put onto pathway :4 : Path1
11:18:22 NOTE  person being put onto pathway :22 : Path1
11:18:26 NOTE  person being put onto pathway :11 : Path1
11:18:30 NOTE  person being put onto pathway :2 : Path1
11:18:33 NOTE  person being put onto pathway :39 : Path1
11:18:34 NOTE  person being put onto pathway :37 : Path1
11:18:34 NOTE  person being put onto pathway :24 : Path1
11:18:37 NOTE  person being put onto pathway :14 : Path1
11:18:41 NOTE  person being put onto pathway :50 : Path1
11:18:41 NOTE  person being put onto pathway :40 : Path1
11:18:41 NOTE  person being put onto pathway :25 : Path1
11:18:45 NOTE  person being put onto pathway :33 : Path1
11:18:48 NOTE  person being put onto pathway :45 : Path1
11:18:48 NOTE  person being put onto pathway :36 : Path1
11:18:52 NOTE  person being put onto pathway :5 : Path1
11:18:55 NOTE  person being put onto pathway :10 : Path1
11:18:59 NOTE  person being put onto pathway :8 : Path1
11:19:03 NOTE  person being put onto pathway :16 : Path1
11:19:06 NOTE  person being put onto pathway :48 : Path1
11:19:06 NOTE  Time elapsed: 211 seconds
