18:42:22 00102 INFO: Converting BPMN pathway Path1.bpmn to json...
18:42:22 00103 INFO: Initial node created: Start
18:42:22 00103 INFO: Simple node created: patient_assessment
18:42:22 00103 INFO: Simple node created: test_request
18:42:22 00103 INFO: Simple node created: Specimen_check
18:42:22 00103 INFO: Simple node created: lab_test
18:42:22 00103 INFO: Simple node created: test_report
18:42:22 00103 INFO: Simple node created: send_report
18:42:22 00103 INFO: Simple node created: receive_report
18:42:22 00103 INFO: Simple node created: inform_patient
18:42:22 00103 INFO: Delay node created: sending_test_request "sending_test_request"
18:42:22 00103 INFO: Delay node created: GP_diagnosis "Diagnosis"
18:42:22 00103 INFO: Delay node created: specimen_ready_for_test "specimen_ready_for_test"
18:42:22 00103 INFO: Delay node created: prepare_report_for_send "preparing report for sending"
18:42:22 00103 INFO: Delay node created: test_complete "test completed_ready for report"
18:42:22 00103 INFO: Delay node created: report_in_transfer "report in transfer"
18:42:22 00103 INFO: Delay node created: Initial_patient_GP_Visit "Wait to see GP

"
18:42:22 00103 INFO: Delay node created: GP_checks_report "GP_checks_report"
18:42:22 00103 INFO: Terminal node created: Finish
18:42:22 00105 INFO: Direct Transition for lab_test added: test_report
18:42:22 00105 INFO: Direct Transition for Start added: Initial_patient_GP_Visit
18:42:22 00105 INFO: Direct Transition for test_report added: send_report
18:42:22 00105 INFO: Direct Transition for Specimen_check added: specimen_ready_for_test
18:42:22 00105 INFO: Direct Transition for test_request added: Specimen_check
18:42:22 00105 INFO: Direct Transition for GP_checks_report added: inform_patient
18:42:22 00105 INFO: Direct Transition for inform_patient added: Finish
18:42:22 00105 INFO: Direct Transition for send_report added: receive_report
18:42:22 00105 INFO: Direct Transition for Initial_patient_GP_Visit added: patient_assessment
18:42:22 00105 INFO: Direct Transition for specimen_ready_for_test added: lab_test
18:42:22 00105 INFO: Direct Transition for patient_assessment added: test_request
18:42:22 00105 INFO: Direct Transition for receive_report added: GP_checks_report
18:42:22 NOTE  Looking for attributes from setAttribute for Path1 Start
18:42:22 NOTE  Adding attribute from setAttribute for Path1 Start
18:42:22 NOTE  Looking for attributes from setAttribute for Path1 patient_assessment
18:42:22 NOTE  Adding attribute from setAttribute for Path1 patient_assessment
18:42:22 NOTE  Looking for attributes from setAttribute for Path1 test_request
18:42:22 NOTE  Adding attribute from setAttribute for Path1 test_request
18:42:22 NOTE  Looking for attributes from setAttribute for Path1 test_request
18:42:22 NOTE  Adding attribute from setAttribute for Path1 test_request
18:42:22 NOTE  Looking for attributes from setAttribute for Path1 test_request
18:42:22 NOTE  Adding attribute from setAttribute for Path1 test_request
18:42:22 NOTE  Looking for attributes from setAttribute for Path1 Specimen_check
18:42:22 NOTE  Adding attribute from setAttribute for Path1 Specimen_check
18:42:22 NOTE  Looking for attributes from setAttribute for Path1 Specimen_check
18:42:22 NOTE  Adding attribute from setAttribute for Path1 Specimen_check
18:42:22 NOTE  Looking for attributes from setAttribute for Path1 Specimen_check
18:42:22 NOTE  Adding attribute from setAttribute for Path1 Specimen_check
18:42:22 NOTE  Looking for attributes from setAttribute for Path1 Specimen_check
18:42:22 NOTE  Adding attribute from setAttribute for Path1 Specimen_check
18:42:22 NOTE  Looking for attributes from setAttribute for Path1 lab_test
18:42:22 NOTE  Adding attribute from setAttribute for Path1 lab_test
18:42:22 NOTE  Looking for attributes from setAttribute for Path1 lab_test
18:42:22 NOTE  Adding attribute from setAttribute for Path1 lab_test
18:42:22 NOTE  Looking for attributes from setAttribute for Path1 send_report
18:42:22 NOTE  Adding attribute from setAttribute for Path1 send_report
18:42:22 NOTE  Looking for attributes from setAttribute for Path1 send_report
18:42:22 NOTE  Adding attribute from setAttribute for Path1 send_report
18:42:22 NOTE  Looking for attributes from setAttribute for Path1 inform_patient
18:42:22 NOTE  Adding attribute from setAttribute for Path1 inform_patient
18:42:22 NOTE  Looking for attributes from setAttribute for Path1 inform_patient
18:42:22 NOTE  Adding attribute from setAttribute for Path1 inform_patient
18:42:22 00106 INFO: Pathway Path1.json has been converted to json successfully.
